  Octtree.cpp
d:\gametechnewnew\gametech\build\ncltech\octtree.cpp(112): warning C4018: '>': signed/unsigned mismatch
d:\gametechnewnew\gametech\build\ncltech\octtree.cpp(201): warning C4018: '>': signed/unsigned mismatch
d:\gametechnewnew\gametech\build\ncltech\octtree.cpp(310): warning C4018: '<': signed/unsigned mismatch
d:\gametechnewnew\gametech\build\ncltech\octtree.cpp(311): warning C4018: '<': signed/unsigned mismatch
  Generating Code...
  Compiling...
  Wander.cpp
  SteeringBehaviourManager.cpp
  Seek.cpp
  SceneManager.cpp
  Pursuit.cpp
  PhysicsNode.cpp
  PhysicsEngine.cpp
  PathFollowing.cpp
  Messenger.cpp
  MazeRenderer.cpp
  MazeGenerator.cpp
d:\gametechnewnew\gametech\build\ncltech\mazegenerator.cpp(406): warning C4018: '<': signed/unsigned mismatch
  Manifold.cpp
  Jelly.cpp
  HazardStates.cpp
  CommonUtils.cpp
  Cloth.cpp
d:\gametechnewnew\gametech\build\ncltech\cloth.cpp(75): warning C4018: '<': signed/unsigned mismatch
  AIObject.cpp
  Generating Code...
  ncltech.vcxproj -> D:\GameTechNewNew\GameTech\Build\Debug\ncltech.lib
